2022-07-07 14:47:10.404  INFO --- [main] c.c.g.m.r.MailReceiverApplication        : Starting MailReceiverApplication on SCABRERA-LENOVO with PID 2260 (C:\Users\Sammy\Documents\NetBeansProjects\mail-receiver\target\classes started by Sammy in C:\Users\Sammy\Documents\NetBeansProjects\mail-receiver)
2022-07-07 14:47:10.408  INFO --- [main] c.c.g.m.r.MailReceiverApplication        : No active profile set, falling back to default profiles: default
2022-07-07 14:47:11.577  INFO --- [main] ptablePropertiesBeanFactoryPostProcessor : Post-processing PropertySource instances
2022-07-07 14:47:11.617  INFO --- [main] c.u.j.EncryptablePropertySourceConverter : Converting PropertySource configurationProperties [org.springframework.boot.context.properties.source.ConfigurationPropertySourcesPropertySource] to AOP Proxy
2022-07-07 14:47:11.621  INFO --- [main] c.u.j.EncryptablePropertySourceConverter : Converting PropertySource systemProperties [org.springframework.core.env.PropertiesPropertySource] to EncryptableMapPropertySourceWrapper
2022-07-07 14:47:11.622  INFO --- [main] c.u.j.EncryptablePropertySourceConverter : Converting PropertySource systemEnvironment [org.springframework.boot.env.SystemEnvironmentPropertySourceEnvironmentPostProcessor$OriginAwareSystemEnvironmentPropertySource] to EncryptableSystemEnvironmentPropertySourceWrapper
2022-07-07 14:47:11.625  INFO --- [main] c.u.j.EncryptablePropertySourceConverter : Converting PropertySource random [org.springframework.boot.env.RandomValuePropertySource] to EncryptablePropertySourceWrapper
2022-07-07 14:47:11.626  INFO --- [main] c.u.j.EncryptablePropertySourceConverter : Converting PropertySource applicationConfig: [file:./config/application.yml] [org.springframework.boot.env.OriginTrackedMapPropertySource] to EncryptableMapPropertySourceWrapper
2022-07-07 14:47:11.628  INFO --- [main] c.u.j.EncryptablePropertySourceConverter : Converting PropertySource applicationConfig: [classpath:/application.yml] [org.springframework.boot.env.OriginTrackedMapPropertySource] to EncryptableMapPropertySourceWrapper
2022-07-07 14:47:11.666  INFO --- [main] faultConfiguringBeanFactoryPostProcessor : No bean named 'errorChannel' has been explicitly defined. Therefore, a default PublishSubscribeChannel will be created.
2022-07-07 14:47:11.674  INFO --- [main] faultConfiguringBeanFactoryPostProcessor : No bean named 'taskScheduler' has been explicitly defined. Therefore, a default ThreadPoolTaskScheduler will be created.
2022-07-07 14:47:11.680  INFO --- [main] faultConfiguringBeanFactoryPostProcessor : No bean named 'integrationHeaderChannelRegistry' has been explicitly defined. Therefore, a default DefaultHeaderChannelRegistry will be created.
2022-07-07 14:47:11.746  INFO --- [main] c.u.j.filter.DefaultLazyPropertyFilter   : Property Filter custom Bean not found with name 'encryptablePropertyFilter'. Initializing Default Property Filter
2022-07-07 14:47:11.798  INFO --- [main] c.u.j.r.DefaultLazyPropertyResolver      : Property Resolver custom Bean not found with name 'encryptablePropertyResolver'. Initializing Default Property Resolver
2022-07-07 14:47:11.803  INFO --- [main] c.u.j.d.DefaultLazyPropertyDetector      : Property Detector custom Bean not found with name 'encryptablePropertyDetector'. Initializing Default Property Detector
2022-07-07 14:47:11.823  INFO --- [main] trationDelegate$BeanPostProcessorChecker : Bean 'spring.task.execution-org.springframework.boot.autoconfigure.task.TaskExecutionProperties' of type [org.springframework.boot.autoconfigure.task.TaskExecutionProperties] is not eligible for getting processed by all BeanPostProcessors (for example: not eligible for auto-proxying)
2022-07-07 14:47:11.828  INFO --- [main] trationDelegate$BeanPostProcessorChecker : Bean 'asyncConfiguration' of type [co.com.gpc.mail.receiver.config.AsyncConfiguration$$EnhancerBySpringCGLIB$$22556c71] is not eligible for getting processed by all BeanPostProcessors (for example: not eligible for auto-proxying)
2022-07-07 14:47:11.939  INFO --- [main] trationDelegate$BeanPostProcessorChecker : Bean 'integrationChannelResolver' of type [org.springframework.integration.support.channel.BeanFactoryChannelResolver] is not eligible for getting processed by all BeanPostProcessors (for example: not eligible for auto-proxying)
2022-07-07 14:47:11.948  INFO --- [main] trationDelegate$BeanPostProcessorChecker : Bean 'integrationDisposableAutoCreatedBeans' of type [org.springframework.integration.config.annotation.Disposables] is not eligible for getting processed by all BeanPostProcessors (for example: not eligible for auto-proxying)
2022-07-07 14:47:11.974  INFO --- [main] trationDelegate$BeanPostProcessorChecker : Bean 'org.springframework.integration.config.IntegrationManagementConfiguration' of type [org.springframework.integration.config.IntegrationManagementConfiguration] is not eligible for getting processed by all BeanPostProcessors (for example: not eligible for auto-proxying)
2022-07-07 14:47:12.105  INFO --- [main] o.s.s.concurrent.ThreadPoolTaskExecutor  : Initializing ExecutorService 'asyncTaskExecutor'
2022-07-07 14:47:12.966  INFO --- [main] c.c.g.m.r.c.MailReceiverConfiguration    : IMAP connection url: imaps://recepcionfacturaelectronicasprcexterno%40hotmail.com:XF/MDZm/w7pkRQzCkAV/jQs20/l/l74HiSXyGclSzycklitE+NFc7w==@outlook.office365.com:993/inbox
2022-07-07 14:47:12.968  INFO --- [main] c.c.g.m.r.c.MailReceiverConfiguration    : IMAP URL connection url: imaps://recepcionfacturaelectronicasprcexterno%40hotmail.com:facturacionfegpc31@outlook.office365.com:993/inbox
2022-07-07 14:47:13.026  INFO --- [main] o.s.s.c.ThreadPoolTaskScheduler          : Initializing ExecutorService 'taskScheduler'
2022-07-07 14:47:13.692  INFO --- [main] o.s.i.endpoint.EventDrivenConsumer       : Adding {logging-channel-adapter:_org.springframework.integration.errorLogger} as a subscriber to the 'errorChannel' channel
2022-07-07 14:47:13.693  INFO --- [main] o.s.i.channel.PublishSubscribeChannel    : Channel 'application.errorChannel' has 1 subscriber(s).
2022-07-07 14:47:13.695  INFO --- [main] o.s.i.endpoint.EventDrivenConsumer       : started bean '_org.springframework.integration.errorLogger'
2022-07-07 14:47:13.697  INFO --- [main] o.s.i.endpoint.EventDrivenConsumer       : Adding {service-activator:mailReceiverConfiguration.receive.serviceActivator} as a subscriber to the 'receiveEmailChannel' channel
2022-07-07 14:47:13.700  INFO --- [main] o.s.integration.channel.DirectChannel    : Channel 'application.receiveEmailChannel' has 1 subscriber(s).
2022-07-07 14:47:13.702  INFO --- [main] o.s.i.endpoint.EventDrivenConsumer       : started bean 'mailReceiverConfiguration.receive.serviceActivator'
2022-07-07 14:47:13.709  INFO --- [main] o.s.i.e.SourcePollingChannelAdapter      : started bean 'mailReceiverConfiguration.mailMessageSource.inboundChannelAdapter'
2022-07-07 14:47:13.726  INFO --- [main] c.c.g.m.r.MailReceiverApplication        : Started MailReceiverApplication in 3.839 seconds (JVM running for 4.794)
2022-07-07 14:47:16.286  INFO --- [autohost-task-1] o.s.integration.mail.ImapMailReceiver    : attempting to receive mail from folder [Inbox]
2022-07-07 14:47:19.148  INFO --- [autohost-task-1] o.s.integration.mail.ImapMailReceiver    : attempting to receive mail from folder [Inbox]
2022-07-07 14:47:24.153  INFO --- [autohost-task-1] o.s.integration.mail.ImapMailReceiver    : attempting to receive mail from folder [Inbox]
2022-07-07 14:47:29.150  INFO --- [autohost-task-1] o.s.integration.mail.ImapMailReceiver    : attempting to receive mail from folder [Inbox]
2022-07-07 14:47:34.151  INFO --- [autohost-task-1] o.s.integration.mail.ImapMailReceiver    : attempting to receive mail from folder [Inbox]
