2022-05-19 21:26:01.296  INFO --- [main] c.c.g.m.r.MailReceiverApplicationTests   : Starting MailReceiverApplicationTests on SCABRERA-LENOVO with PID 9600 (started by Sammy in C:\Users\Sammy\Documents\NetBeansProjects\mail-receiver)
2022-05-19 21:26:01.428  INFO --- [main] c.c.g.m.r.MailReceiverApplicationTests   : No active profile set, falling back to default profiles: default
2022-05-19 21:26:04.279  INFO --- [main] ptablePropertiesBeanFactoryPostProcessor : Post-processing PropertySource instances
2022-05-19 21:26:04.395  INFO --- [main] c.u.j.EncryptablePropertySourceConverter : Converting PropertySource configurationProperties [org.springframework.boot.context.properties.source.ConfigurationPropertySourcesPropertySource] to AOP Proxy
2022-05-19 21:26:04.409  INFO --- [main] c.u.j.EncryptablePropertySourceConverter : Converting PropertySource Inlined Test Properties [org.springframework.core.env.MapPropertySource] to EncryptableMapPropertySourceWrapper
2022-05-19 21:26:04.410  INFO --- [main] c.u.j.EncryptablePropertySourceConverter : Converting PropertySource systemProperties [org.springframework.core.env.PropertiesPropertySource] to EncryptableMapPropertySourceWrapper
2022-05-19 21:26:04.412  INFO --- [main] c.u.j.EncryptablePropertySourceConverter : Converting PropertySource systemEnvironment [org.springframework.boot.env.SystemEnvironmentPropertySourceEnvironmentPostProcessor$OriginAwareSystemEnvironmentPropertySource] to EncryptableSystemEnvironmentPropertySourceWrapper
2022-05-19 21:26:04.414  INFO --- [main] c.u.j.EncryptablePropertySourceConverter : Converting PropertySource random [org.springframework.boot.env.RandomValuePropertySource] to EncryptablePropertySourceWrapper
2022-05-19 21:26:04.419  INFO --- [main] c.u.j.EncryptablePropertySourceConverter : Converting PropertySource applicationConfig: [file:./config/application.yml] [org.springframework.boot.env.OriginTrackedMapPropertySource] to EncryptableMapPropertySourceWrapper
2022-05-19 21:26:04.421  INFO --- [main] c.u.j.EncryptablePropertySourceConverter : Converting PropertySource URL [file:config/application.yml] [org.springframework.core.io.support.ResourcePropertySource] to EncryptableMapPropertySourceWrapper
2022-05-19 21:26:04.543  INFO --- [main] faultConfiguringBeanFactoryPostProcessor : No bean named 'errorChannel' has been explicitly defined. Therefore, a default PublishSubscribeChannel will be created.
2022-05-19 21:26:04.560  INFO --- [main] faultConfiguringBeanFactoryPostProcessor : No bean named 'taskScheduler' has been explicitly defined. Therefore, a default ThreadPoolTaskScheduler will be created.
2022-05-19 21:26:04.579  INFO --- [main] faultConfiguringBeanFactoryPostProcessor : No bean named 'integrationHeaderChannelRegistry' has been explicitly defined. Therefore, a default DefaultHeaderChannelRegistry will be created.
2022-05-19 21:26:04.727  INFO --- [main] c.u.j.filter.DefaultLazyPropertyFilter   : Property Filter custom Bean not found with name 'encryptablePropertyFilter'. Initializing Default Property Filter
2022-05-19 21:26:04.806  INFO --- [main] c.u.j.r.DefaultLazyPropertyResolver      : Property Resolver custom Bean not found with name 'encryptablePropertyResolver'. Initializing Default Property Resolver
2022-05-19 21:26:04.825  INFO --- [main] c.u.j.d.DefaultLazyPropertyDetector      : Property Detector custom Bean not found with name 'encryptablePropertyDetector'. Initializing Default Property Detector
2022-05-19 21:26:04.842  INFO --- [main] trationDelegate$BeanPostProcessorChecker : Bean 'spring.task.execution-org.springframework.boot.autoconfigure.task.TaskExecutionProperties' of type [org.springframework.boot.autoconfigure.task.TaskExecutionProperties] is not eligible for getting processed by all BeanPostProcessors (for example: not eligible for auto-proxying)
2022-05-19 21:26:04.868  INFO --- [main] trationDelegate$BeanPostProcessorChecker : Bean 'asyncConfiguration' of type [co.com.gpc.mail.receiver.config.AsyncConfiguration$$EnhancerBySpringCGLIB$$7f43ee26] is not eligible for getting processed by all BeanPostProcessors (for example: not eligible for auto-proxying)
2022-05-19 21:26:05.227  INFO --- [main] trationDelegate$BeanPostProcessorChecker : Bean 'integrationChannelResolver' of type [org.springframework.integration.support.channel.BeanFactoryChannelResolver] is not eligible for getting processed by all BeanPostProcessors (for example: not eligible for auto-proxying)
2022-05-19 21:26:05.241  INFO --- [main] trationDelegate$BeanPostProcessorChecker : Bean 'integrationDisposableAutoCreatedBeans' of type [org.springframework.integration.config.annotation.Disposables] is not eligible for getting processed by all BeanPostProcessors (for example: not eligible for auto-proxying)
2022-05-19 21:26:05.526  INFO --- [main] trationDelegate$BeanPostProcessorChecker : Bean 'org.springframework.integration.config.IntegrationManagementConfiguration' of type [org.springframework.integration.config.IntegrationManagementConfiguration] is not eligible for getting processed by all BeanPostProcessors (for example: not eligible for auto-proxying)
2022-05-19 21:26:05.760  INFO --- [main] o.s.s.concurrent.ThreadPoolTaskExecutor  : Initializing ExecutorService 'asyncTaskExecutor'
2022-05-19 21:26:06.630  INFO --- [main] c.c.g.m.r.c.MailReceiverConfiguration    : IMAP connection url: imaps://recepcionfacturaelectronicasprcexterno%40hotmail.com:XF/MDZm/w7pkRQzCkAV/jQs20/l/l74HiSXyGclSzycklitE+NFc7w==@outlook.office365.com:993/inbox
2022-05-19 21:26:06.634  INFO --- [main] c.c.g.m.r.c.MailReceiverConfiguration    : IMAP URL connection url: imaps://recepcionfacturaelectronicasprcexterno%40hotmail.com:facturacionfegpc31@outlook.office365.com:993/inbox
2022-05-19 21:26:06.787  INFO --- [main] o.s.s.c.ThreadPoolTaskScheduler          : Initializing ExecutorService 'taskScheduler'
2022-05-19 21:26:07.688  INFO --- [main] o.s.i.endpoint.EventDrivenConsumer       : Adding {logging-channel-adapter:_org.springframework.integration.errorLogger} as a subscriber to the 'errorChannel' channel
2022-05-19 21:26:07.762  INFO --- [main] o.s.i.channel.PublishSubscribeChannel    : Channel 'application.errorChannel' has 1 subscriber(s).
2022-05-19 21:26:07.766  INFO --- [main] o.s.i.endpoint.EventDrivenConsumer       : started bean '_org.springframework.integration.errorLogger'
2022-05-19 21:26:07.770  INFO --- [main] o.s.i.endpoint.EventDrivenConsumer       : Adding {service-activator:mailReceiverConfiguration.receive.serviceActivator} as a subscriber to the 'receiveEmailChannel' channel
2022-05-19 21:26:07.772  INFO --- [main] o.s.integration.channel.DirectChannel    : Channel 'application.receiveEmailChannel' has 1 subscriber(s).
2022-05-19 21:26:07.773  INFO --- [main] o.s.i.endpoint.EventDrivenConsumer       : started bean 'mailReceiverConfiguration.receive.serviceActivator'
2022-05-19 21:26:07.789  INFO --- [main] o.s.i.e.SourcePollingChannelAdapter      : started bean 'mailReceiverConfiguration.mailMessageSource.inboundChannelAdapter'
2022-05-19 21:26:07.869  INFO --- [main] c.c.g.m.r.MailReceiverApplicationTests   : Started MailReceiverApplicationTests in 8.802 seconds (JVM running for 13.345)
2022-05-19 21:26:08.809  INFO --- [SpringContextShutdownHook] o.s.i.e.SourcePollingChannelAdapter      : stopped bean 'mailReceiverConfiguration.mailMessageSource.inboundChannelAdapter'
2022-05-19 21:26:08.813  INFO --- [SpringContextShutdownHook] o.s.i.endpoint.EventDrivenConsumer       : Removing {logging-channel-adapter:_org.springframework.integration.errorLogger} as a subscriber to the 'errorChannel' channel
2022-05-19 21:26:08.817  INFO --- [SpringContextShutdownHook] o.s.i.channel.PublishSubscribeChannel    : Channel 'application.errorChannel' has 0 subscriber(s).
2022-05-19 21:26:08.818  INFO --- [SpringContextShutdownHook] o.s.i.endpoint.EventDrivenConsumer       : stopped bean '_org.springframework.integration.errorLogger'
2022-05-19 21:26:08.820  INFO --- [SpringContextShutdownHook] o.s.i.endpoint.EventDrivenConsumer       : Removing {service-activator:mailReceiverConfiguration.receive.serviceActivator} as a subscriber to the 'receiveEmailChannel' channel
2022-05-19 21:26:08.824  INFO --- [SpringContextShutdownHook] o.s.integration.channel.DirectChannel    : Channel 'application.receiveEmailChannel' has 0 subscriber(s).
2022-05-19 21:26:08.825  INFO --- [SpringContextShutdownHook] o.s.i.endpoint.EventDrivenConsumer       : stopped bean 'mailReceiverConfiguration.receive.serviceActivator'
2022-05-19 21:26:10.296  INFO --- [autohost-task-1] o.s.integration.mail.ImapMailReceiver    : attempting to receive mail from folder [Inbox]
2022-05-19 21:26:10.728  INFO --- [SpringContextShutdownHook] o.s.s.c.ThreadPoolTaskScheduler          : Shutting down ExecutorService 'taskScheduler'
2022-05-19 21:26:10.730  INFO --- [SpringContextShutdownHook] o.s.s.concurrent.ThreadPoolTaskExecutor  : Shutting down ExecutorService 'asyncTaskExecutor'
2022-05-19 21:27:00.876  INFO --- [main] c.c.g.m.r.MailReceiverApplication        : Starting MailReceiverApplication on SCABRERA-LENOVO with PID 18984 (C:\Users\Sammy\Documents\NetBeansProjects\mail-receiver\target\classes started by Sammy in C:\Users\Sammy\Documents\NetBeansProjects\mail-receiver)
2022-05-19 21:27:00.904  INFO --- [main] c.c.g.m.r.MailReceiverApplication        : No active profile set, falling back to default profiles: default
2022-05-19 21:27:01.885  INFO --- [main] ptablePropertiesBeanFactoryPostProcessor : Post-processing PropertySource instances
2022-05-19 21:27:01.918  INFO --- [main] c.u.j.EncryptablePropertySourceConverter : Converting PropertySource configurationProperties [org.springframework.boot.context.properties.source.ConfigurationPropertySourcesPropertySource] to AOP Proxy
2022-05-19 21:27:01.921  INFO --- [main] c.u.j.EncryptablePropertySourceConverter : Converting PropertySource systemProperties [org.springframework.core.env.PropertiesPropertySource] to EncryptableMapPropertySourceWrapper
2022-05-19 21:27:01.923  INFO --- [main] c.u.j.EncryptablePropertySourceConverter : Converting PropertySource systemEnvironment [org.springframework.boot.env.SystemEnvironmentPropertySourceEnvironmentPostProcessor$OriginAwareSystemEnvironmentPropertySource] to EncryptableSystemEnvironmentPropertySourceWrapper
2022-05-19 21:27:01.926  INFO --- [main] c.u.j.EncryptablePropertySourceConverter : Converting PropertySource random [org.springframework.boot.env.RandomValuePropertySource] to EncryptablePropertySourceWrapper
2022-05-19 21:27:01.927  INFO --- [main] c.u.j.EncryptablePropertySourceConverter : Converting PropertySource applicationConfig: [file:./config/application.yml] [org.springframework.boot.env.OriginTrackedMapPropertySource] to EncryptableMapPropertySourceWrapper
2022-05-19 21:27:01.929  INFO --- [main] c.u.j.EncryptablePropertySourceConverter : Converting PropertySource URL [file:config/application.yml] [org.springframework.core.io.support.ResourcePropertySource] to EncryptableMapPropertySourceWrapper
2022-05-19 21:27:01.949  INFO --- [main] faultConfiguringBeanFactoryPostProcessor : No bean named 'errorChannel' has been explicitly defined. Therefore, a default PublishSubscribeChannel will be created.
2022-05-19 21:27:01.957  INFO --- [main] faultConfiguringBeanFactoryPostProcessor : No bean named 'taskScheduler' has been explicitly defined. Therefore, a default ThreadPoolTaskScheduler will be created.
2022-05-19 21:27:01.961  INFO --- [main] faultConfiguringBeanFactoryPostProcessor : No bean named 'integrationHeaderChannelRegistry' has been explicitly defined. Therefore, a default DefaultHeaderChannelRegistry will be created.
2022-05-19 21:27:02.002  INFO --- [main] c.u.j.filter.DefaultLazyPropertyFilter   : Property Filter custom Bean not found with name 'encryptablePropertyFilter'. Initializing Default Property Filter
2022-05-19 21:27:02.023  INFO --- [main] c.u.j.r.DefaultLazyPropertyResolver      : Property Resolver custom Bean not found with name 'encryptablePropertyResolver'. Initializing Default Property Resolver
2022-05-19 21:27:02.025  INFO --- [main] c.u.j.d.DefaultLazyPropertyDetector      : Property Detector custom Bean not found with name 'encryptablePropertyDetector'. Initializing Default Property Detector
2022-05-19 21:27:02.034  INFO --- [main] trationDelegate$BeanPostProcessorChecker : Bean 'spring.task.execution-org.springframework.boot.autoconfigure.task.TaskExecutionProperties' of type [org.springframework.boot.autoconfigure.task.TaskExecutionProperties] is not eligible for getting processed by all BeanPostProcessors (for example: not eligible for auto-proxying)
2022-05-19 21:27:02.037  INFO --- [main] trationDelegate$BeanPostProcessorChecker : Bean 'asyncConfiguration' of type [co.com.gpc.mail.receiver.config.AsyncConfiguration$$EnhancerBySpringCGLIB$$5934d09c] is not eligible for getting processed by all BeanPostProcessors (for example: not eligible for auto-proxying)
2022-05-19 21:27:02.099  INFO --- [main] trationDelegate$BeanPostProcessorChecker : Bean 'integrationChannelResolver' of type [org.springframework.integration.support.channel.BeanFactoryChannelResolver] is not eligible for getting processed by all BeanPostProcessors (for example: not eligible for auto-proxying)
2022-05-19 21:27:02.102  INFO --- [main] trationDelegate$BeanPostProcessorChecker : Bean 'integrationDisposableAutoCreatedBeans' of type [org.springframework.integration.config.annotation.Disposables] is not eligible for getting processed by all BeanPostProcessors (for example: not eligible for auto-proxying)
2022-05-19 21:27:02.111  INFO --- [main] trationDelegate$BeanPostProcessorChecker : Bean 'org.springframework.integration.config.IntegrationManagementConfiguration' of type [org.springframework.integration.config.IntegrationManagementConfiguration] is not eligible for getting processed by all BeanPostProcessors (for example: not eligible for auto-proxying)
2022-05-19 21:27:02.165  INFO --- [main] o.s.s.concurrent.ThreadPoolTaskExecutor  : Initializing ExecutorService 'asyncTaskExecutor'
2022-05-19 21:27:02.326  INFO --- [main] c.c.g.m.r.c.MailReceiverConfiguration    : IMAP connection url: imaps://recepcionfacturaelectronicasprcexterno%40hotmail.com:XF/MDZm/w7pkRQzCkAV/jQs20/l/l74HiSXyGclSzycklitE+NFc7w==@outlook.office365.com:993/inbox
2022-05-19 21:27:02.327  INFO --- [main] c.c.g.m.r.c.MailReceiverConfiguration    : IMAP URL connection url: imaps://recepcionfacturaelectronicasprcexterno%40hotmail.com:facturacionfegpc31@outlook.office365.com:993/inbox
2022-05-19 21:27:02.359  INFO --- [main] o.s.s.c.ThreadPoolTaskScheduler          : Initializing ExecutorService 'taskScheduler'
2022-05-19 21:27:02.602  INFO --- [main] o.s.i.endpoint.EventDrivenConsumer       : Adding {logging-channel-adapter:_org.springframework.integration.errorLogger} as a subscriber to the 'errorChannel' channel
2022-05-19 21:27:02.612  INFO --- [main] o.s.i.channel.PublishSubscribeChannel    : Channel 'application.errorChannel' has 1 subscriber(s).
2022-05-19 21:27:02.614  INFO --- [main] o.s.i.endpoint.EventDrivenConsumer       : started bean '_org.springframework.integration.errorLogger'
2022-05-19 21:27:02.615  INFO --- [main] o.s.i.endpoint.EventDrivenConsumer       : Adding {service-activator:mailReceiverConfiguration.receive.serviceActivator} as a subscriber to the 'receiveEmailChannel' channel
2022-05-19 21:27:02.615  INFO --- [main] o.s.integration.channel.DirectChannel    : Channel 'application.receiveEmailChannel' has 1 subscriber(s).
2022-05-19 21:27:02.616  INFO --- [main] o.s.i.endpoint.EventDrivenConsumer       : started bean 'mailReceiverConfiguration.receive.serviceActivator'
2022-05-19 21:27:02.621  INFO --- [main] o.s.i.e.SourcePollingChannelAdapter      : started bean 'mailReceiverConfiguration.mailMessageSource.inboundChannelAdapter'
2022-05-19 21:27:02.634  INFO --- [main] c.c.g.m.r.MailReceiverApplication        : Started MailReceiverApplication in 2.641 seconds (JVM running for 3.23)
2022-05-19 21:27:04.444  INFO --- [autohost-task-1] o.s.integration.mail.ImapMailReceiver    : attempting to receive mail from folder [Inbox]
2022-05-19 21:27:07.995  INFO --- [autohost-task-1] o.s.integration.mail.ImapMailReceiver    : attempting to receive mail from folder [Inbox]
2022-05-19 21:27:12.999  INFO --- [autohost-task-1] o.s.integration.mail.ImapMailReceiver    : attempting to receive mail from folder [Inbox]
2022-05-19 21:27:17.992  INFO --- [autohost-task-1] o.s.integration.mail.ImapMailReceiver    : attempting to receive mail from folder [Inbox]
2022-05-19 21:27:23.005  INFO --- [autohost-task-1] o.s.integration.mail.ImapMailReceiver    : attempting to receive mail from folder [Inbox]
2022-05-19 21:27:28.060  INFO --- [autohost-task-1] o.s.integration.mail.ImapMailReceiver    : attempting to receive mail from folder [Inbox]
2022-05-19 21:27:33.012  INFO --- [autohost-task-1] o.s.integration.mail.ImapMailReceiver    : attempting to receive mail from folder [Inbox]
2022-05-19 21:27:38.000  INFO --- [autohost-task-1] o.s.integration.mail.ImapMailReceiver    : attempting to receive mail from folder [Inbox]
2022-05-19 21:27:43.000  INFO --- [autohost-task-1] o.s.integration.mail.ImapMailReceiver    : attempting to receive mail from folder [Inbox]
2022-05-19 21:27:48.007  INFO --- [autohost-task-1] o.s.integration.mail.ImapMailReceiver    : attempting to receive mail from folder [Inbox]
2022-05-19 21:27:53.002  INFO --- [autohost-task-1] o.s.integration.mail.ImapMailReceiver    : attempting to receive mail from folder [Inbox]
2022-05-19 21:27:58.008  INFO --- [autohost-task-1] o.s.integration.mail.ImapMailReceiver    : attempting to receive mail from folder [Inbox]
2022-05-19 21:28:03.009  INFO --- [autohost-task-1] o.s.integration.mail.ImapMailReceiver    : attempting to receive mail from folder [Inbox]
2022-05-19 21:28:08.009  INFO --- [autohost-task-1] o.s.integration.mail.ImapMailReceiver    : attempting to receive mail from folder [Inbox]
2022-05-19 21:28:13.007  INFO --- [autohost-task-1] o.s.integration.mail.ImapMailReceiver    : attempting to receive mail from folder [Inbox]
2022-05-19 21:28:18.011  INFO --- [autohost-task-1] o.s.integration.mail.ImapMailReceiver    : attempting to receive mail from folder [Inbox]
2022-05-19 21:28:23.022  INFO --- [autohost-task-1] o.s.integration.mail.ImapMailReceiver    : attempting to receive mail from folder [Inbox]
2022-05-19 21:28:28.011  INFO --- [autohost-task-1] o.s.integration.mail.ImapMailReceiver    : attempting to receive mail from folder [Inbox]
2022-05-19 21:28:33.038  INFO --- [autohost-task-1] o.s.integration.mail.ImapMailReceiver    : attempting to receive mail from folder [Inbox]
2022-05-19 21:28:38.014  INFO --- [autohost-task-1] o.s.integration.mail.ImapMailReceiver    : attempting to receive mail from folder [Inbox]
2022-05-19 21:28:43.020  INFO --- [autohost-task-1] o.s.integration.mail.ImapMailReceiver    : attempting to receive mail from folder [Inbox]
2022-05-19 21:28:48.284  INFO --- [autohost-task-1] o.s.integration.mail.ImapMailReceiver    : attempting to receive mail from folder [Inbox]
2022-05-19 21:28:53.019  INFO --- [autohost-task-1] o.s.integration.mail.ImapMailReceiver    : attempting to receive mail from folder [Inbox]
2022-05-19 21:28:58.019  INFO --- [autohost-task-1] o.s.integration.mail.ImapMailReceiver    : attempting to receive mail from folder [Inbox]
2022-05-19 21:29:03.073  INFO --- [autohost-task-1] o.s.integration.mail.ImapMailReceiver    : attempting to receive mail from folder [Inbox]
